mode: set
budget-tracker-api-v2/internal/http/middleware/auth.go:16.58,17.84 1 0
budget-tracker-api-v2/internal/http/middleware/auth.go:17.84,22.24 3 0
budget-tracker-api-v2/internal/http/middleware/auth.go:22.24,25.18 3 0
budget-tracker-api-v2/internal/http/middleware/auth.go:25.18,27.5 1 0
budget-tracker-api-v2/internal/http/middleware/auth.go:28.4,28.10 1 0
budget-tracker-api-v2/internal/http/middleware/auth.go:30.3,30.24 1 0
budget-tracker-api-v2/internal/http/middleware/auth.go:30.24,32.18 2 0
budget-tracker-api-v2/internal/http/middleware/auth.go:32.18,35.19 3 0
budget-tracker-api-v2/internal/http/middleware/auth.go:35.19,37.6 1 0
budget-tracker-api-v2/internal/http/middleware/auth.go:38.5,38.11 1 0
budget-tracker-api-v2/internal/http/middleware/auth.go:41.4,41.32 1 0
budget-tracker-api-v2/internal/http/middleware/auth.go:41.32,44.19 3 0
budget-tracker-api-v2/internal/http/middleware/auth.go:44.19,46.6 1 0
budget-tracker-api-v2/internal/http/middleware/auth.go:47.5,47.11 1 0
budget-tracker-api-v2/internal/http/middleware/auth.go:51.3,51.33 1 0
budget-tracker-api-v2/internal/http/middleware/auth.go:56.62,57.84 1 0
budget-tracker-api-v2/internal/http/middleware/auth.go:57.84,60.45 2 0
budget-tracker-api-v2/internal/http/middleware/auth.go:60.45,63.18 3 0
budget-tracker-api-v2/internal/http/middleware/auth.go:63.18,65.5 1 0
budget-tracker-api-v2/internal/http/middleware/auth.go:66.4,66.10 1 0
budget-tracker-api-v2/internal/http/middleware/auth.go:69.3,69.45 1 0
budget-tracker-api-v2/internal/http/middleware/auth.go:69.45,71.27 2 0
budget-tracker-api-v2/internal/http/middleware/auth.go:71.27,74.19 3 0
budget-tracker-api-v2/internal/http/middleware/auth.go:74.19,76.6 1 0
budget-tracker-api-v2/internal/http/middleware/auth.go:77.5,77.11 1 0
budget-tracker-api-v2/internal/http/middleware/auth.go:80.4,80.86 1 0
budget-tracker-api-v2/internal/http/middleware/auth.go:80.86,81.60 1 0
budget-tracker-api-v2/internal/http/middleware/auth.go:81.60,83.6 1 0
budget-tracker-api-v2/internal/http/middleware/auth.go:84.5,84.28 1 0
budget-tracker-api-v2/internal/http/middleware/auth.go:87.4,87.18 1 0
budget-tracker-api-v2/internal/http/middleware/auth.go:87.18,90.19 3 0
budget-tracker-api-v2/internal/http/middleware/auth.go:90.19,92.6 1 0
budget-tracker-api-v2/internal/http/middleware/auth.go:93.5,93.11 1 0
budget-tracker-api-v2/internal/http/middleware/auth.go:96.4,96.20 1 0
budget-tracker-api-v2/internal/http/middleware/auth.go:96.20,99.19 3 0
budget-tracker-api-v2/internal/http/middleware/auth.go:99.19,101.6 1 0
budget-tracker-api-v2/internal/http/middleware/auth.go:105.3,105.33 1 0
budget-tracker-api-v2/internal/http/middleware/middleware.go:9.52,10.71 1 1
budget-tracker-api-v2/internal/http/middleware/middleware.go:10.71,17.3 5 1
budget-tracker-api-v2/main.go:16.13,18.2 1 0
budget-tracker-api-v2/main.go:20.13,27.15 5 0
budget-tracker-api-v2/main.go:27.15,28.46 1 0
budget-tracker-api-v2/main.go:28.46,30.4 1 0
budget-tracker-api-v2/main.go:33.2,36.16 3 0
budget-tracker-api-v2/main.go:36.16,38.3 1 0
budget-tracker-api-v2/main.go:40.2,65.16 10 0
budget-tracker-api-v2/main.go:65.16,67.3 1 0
budget-tracker-api-v2/main.go:69.2,78.36 3 0
budget-tracker-api-v2/internal/utils/crypt/hash.go:8.82,11.2 2 0
budget-tracker-api-v2/internal/utils/crypt/hash.go:14.52,17.2 2 0
budget-tracker-api-v2/internal/observability/tracer.go:21.66,23.2 1 0
budget-tracker-api-v2/internal/observability/tracer.go:26.66,33.16 2 0
budget-tracker-api-v2/internal/observability/tracer.go:33.16,35.3 1 0
budget-tracker-api-v2/internal/observability/tracer.go:38.2,44.16 2 0
budget-tracker-api-v2/internal/observability/tracer.go:44.16,46.3 1 0
budget-tracker-api-v2/internal/observability/tracer.go:49.2,56.20 3 0
budget-tracker-api-v2/internal/http/controller/auth.go:26.107,36.16 9 1
budget-tracker-api-v2/internal/http/controller/auth.go:36.16,38.3 1 0
budget-tracker-api-v2/internal/http/controller/auth.go:39.2,39.16 1 1
budget-tracker-api-v2/internal/http/controller/auth.go:43.94,51.16 7 0
budget-tracker-api-v2/internal/http/controller/auth.go:51.16,53.3 1 0
budget-tracker-api-v2/internal/http/controller/auth.go:55.2,55.16 1 0
budget-tracker-api-v2/internal/http/controller/auth.go:59.57,61.2 1 0
budget-tracker-api-v2/internal/http/controller/auth.go:64.79,69.19 4 0
budget-tracker-api-v2/internal/http/controller/auth.go:69.19,72.17 3 0
budget-tracker-api-v2/internal/http/controller/auth.go:72.17,74.4 1 0
budget-tracker-api-v2/internal/http/controller/auth.go:75.3,75.9 1 0
budget-tracker-api-v2/internal/http/controller/auth.go:78.2,79.16 2 0
budget-tracker-api-v2/internal/http/controller/auth.go:79.16,82.3 2 0
budget-tracker-api-v2/internal/http/controller/auth.go:84.2,84.51 1 0
budget-tracker-api-v2/internal/http/controller/auth.go:84.51,87.17 3 0
budget-tracker-api-v2/internal/http/controller/auth.go:87.17,89.4 1 0
budget-tracker-api-v2/internal/http/controller/auth.go:90.3,90.9 1 0
budget-tracker-api-v2/internal/http/controller/auth.go:93.2,94.16 2 0
budget-tracker-api-v2/internal/http/controller/auth.go:94.16,97.3 2 0
budget-tracker-api-v2/internal/http/controller/auth.go:99.2,101.17 2 0
budget-tracker-api-v2/internal/http/controller/auth.go:101.17,104.17 3 0
budget-tracker-api-v2/internal/http/controller/auth.go:104.17,106.4 1 0
budget-tracker-api-v2/internal/http/controller/auth.go:107.3,107.9 1 0
budget-tracker-api-v2/internal/http/controller/auth.go:110.2,111.11 2 0
budget-tracker-api-v2/internal/http/controller/auth.go:111.11,113.17 2 0
budget-tracker-api-v2/internal/http/controller/auth.go:113.17,116.18 3 0
budget-tracker-api-v2/internal/http/controller/auth.go:116.18,118.5 1 0
budget-tracker-api-v2/internal/http/controller/auth.go:119.4,119.10 1 0
budget-tracker-api-v2/internal/http/controller/auth.go:122.3,123.17 2 0
budget-tracker-api-v2/internal/http/controller/auth.go:123.17,126.18 3 0
budget-tracker-api-v2/internal/http/controller/auth.go:126.18,128.5 1 0
budget-tracker-api-v2/internal/http/controller/auth.go:129.4,129.10 1 0
budget-tracker-api-v2/internal/http/controller/auth.go:132.8,138.17 6 0
budget-tracker-api-v2/internal/http/controller/auth.go:138.17,140.4 1 0
budget-tracker-api-v2/internal/http/controller/auth.go:141.3,141.9 1 0
budget-tracker-api-v2/internal/http/controller/auth.go:146.2,153.16 3 0
budget-tracker-api-v2/internal/http/controller/auth.go:153.16,157.3 3 0
budget-tracker-api-v2/internal/http/controller/auth.go:159.2,161.16 3 0
budget-tracker-api-v2/internal/http/controller/auth.go:161.16,163.3 1 0
budget-tracker-api-v2/internal/http/controller/cards.go:46.58,54.2 6 0
budget-tracker-api-v2/internal/http/controller/cards.go:57.77,63.16 5 0
budget-tracker-api-v2/internal/http/controller/cards.go:63.16,65.3 1 0
budget-tracker-api-v2/internal/http/controller/cards.go:68.79,75.16 5 0
budget-tracker-api-v2/internal/http/controller/cards.go:75.16,78.17 3 0
budget-tracker-api-v2/internal/http/controller/cards.go:78.17,80.4 1 0
budget-tracker-api-v2/internal/http/controller/cards.go:82.3,82.9 1 0
budget-tracker-api-v2/internal/http/controller/cards.go:85.2,86.16 2 0
budget-tracker-api-v2/internal/http/controller/cards.go:86.16,89.17 3 0
budget-tracker-api-v2/internal/http/controller/cards.go:89.17,91.4 1 0
budget-tracker-api-v2/internal/http/controller/cards.go:93.3,93.9 1 0
budget-tracker-api-v2/internal/http/controller/cards.go:96.2,97.16 2 0
budget-tracker-api-v2/internal/http/controller/cards.go:97.16,102.58 3 0
budget-tracker-api-v2/internal/http/controller/cards.go:102.58,109.57 3 0
budget-tracker-api-v2/internal/http/controller/cards.go:109.57,112.5 2 0
budget-tracker-api-v2/internal/http/controller/cards.go:114.4,114.10 1 0
budget-tracker-api-v2/internal/http/controller/cards.go:117.3,119.17 3 0
budget-tracker-api-v2/internal/http/controller/cards.go:119.17,121.4 1 0
budget-tracker-api-v2/internal/http/controller/cards.go:123.3,123.9 1 0
budget-tracker-api-v2/internal/http/controller/cards.go:126.2,134.56 3 0
budget-tracker-api-v2/internal/http/controller/cards.go:134.56,137.3 2 0
budget-tracker-api-v2/internal/http/controller/cards.go:139.2,139.16 1 0
budget-tracker-api-v2/internal/http/controller/cards.go:143.76,152.16 6 0
budget-tracker-api-v2/internal/http/controller/cards.go:152.16,157.58 3 0
budget-tracker-api-v2/internal/http/controller/cards.go:157.58,160.18 3 0
budget-tracker-api-v2/internal/http/controller/cards.go:160.18,164.5 3 0
budget-tracker-api-v2/internal/http/controller/cards.go:166.4,166.10 1 0
budget-tracker-api-v2/internal/http/controller/cards.go:169.3,171.17 3 0
budget-tracker-api-v2/internal/http/controller/cards.go:171.17,176.4 3 0
budget-tracker-api-v2/internal/http/controller/cards.go:178.3,179.9 2 0
budget-tracker-api-v2/internal/http/controller/cards.go:182.2,183.16 2 0
budget-tracker-api-v2/internal/http/controller/cards.go:183.16,187.49 3 0
budget-tracker-api-v2/internal/http/controller/cards.go:187.49,198.18 5 0
budget-tracker-api-v2/internal/http/controller/cards.go:198.18,200.5 1 0
budget-tracker-api-v2/internal/http/controller/cards.go:202.4,202.10 1 0
budget-tracker-api-v2/internal/http/controller/cards.go:205.3,214.17 6 0
budget-tracker-api-v2/internal/http/controller/cards.go:214.17,216.4 1 0
budget-tracker-api-v2/internal/http/controller/cards.go:218.3,218.9 1 0
budget-tracker-api-v2/internal/http/controller/cards.go:221.2,222.16 2 0
budget-tracker-api-v2/internal/http/controller/cards.go:222.16,224.3 1 0
budget-tracker-api-v2/internal/http/controller/cards.go:227.79,233.16 5 0
budget-tracker-api-v2/internal/http/controller/cards.go:233.16,244.17 6 0
budget-tracker-api-v2/internal/http/controller/cards.go:244.17,246.4 1 0
budget-tracker-api-v2/internal/http/controller/cards.go:247.3,247.9 1 0
budget-tracker-api-v2/internal/http/controller/cards.go:250.2,250.15 1 0
budget-tracker-api-v2/internal/http/controller/cards.go:250.15,258.17 4 0
budget-tracker-api-v2/internal/http/controller/cards.go:258.17,260.4 1 0
budget-tracker-api-v2/internal/http/controller/cards.go:261.3,262.9 2 0
budget-tracker-api-v2/internal/http/controller/cards.go:265.2,273.16 4 0
budget-tracker-api-v2/internal/http/controller/cards.go:273.16,275.3 1 0
budget-tracker-api-v2/internal/http/controller/cards.go:277.2,277.31 1 0
budget-tracker-api-v2/internal/http/controller/health.go:18.59,22.2 2 0
budget-tracker-api-v2/internal/http/controller/health.go:25.81,30.27 4 0
budget-tracker-api-v2/internal/http/controller/health.go:30.27,33.17 3 0
budget-tracker-api-v2/internal/http/controller/health.go:33.17,35.4 1 0
budget-tracker-api-v2/internal/http/controller/health.go:36.3,36.9 1 0
budget-tracker-api-v2/internal/http/controller/health.go:38.2,40.16 3 0
budget-tracker-api-v2/internal/http/controller/health.go:40.16,42.3 1 0
budget-tracker-api-v2/internal/http/controller/swagger.go:10.43,13.73 2 0
budget-tracker-api-v2/internal/http/controller/swagger.go:13.73,43.17 4 0
budget-tracker-api-v2/internal/http/controller/swagger.go:43.17,45.4 1 0
budget-tracker-api-v2/internal/http/controller/transactions.go:41.65,46.2 3 0
budget-tracker-api-v2/internal/http/controller/transactions.go:48.93,55.16 5 0
budget-tracker-api-v2/internal/http/controller/transactions.go:55.16,58.17 3 0
budget-tracker-api-v2/internal/http/controller/transactions.go:58.17,60.4 1 0
budget-tracker-api-v2/internal/http/controller/transactions.go:62.3,62.9 1 0
budget-tracker-api-v2/internal/http/controller/transactions.go:65.2,66.16 2 0
budget-tracker-api-v2/internal/http/controller/transactions.go:66.16,69.17 3 0
budget-tracker-api-v2/internal/http/controller/transactions.go:69.17,71.4 1 0
budget-tracker-api-v2/internal/http/controller/transactions.go:73.3,73.9 1 0
budget-tracker-api-v2/internal/http/controller/transactions.go:76.2,77.16 2 0
budget-tracker-api-v2/internal/http/controller/transactions.go:77.16,80.17 3 0
budget-tracker-api-v2/internal/http/controller/transactions.go:80.17,82.4 1 0
budget-tracker-api-v2/internal/http/controller/transactions.go:84.3,84.9 1 0
budget-tracker-api-v2/internal/http/controller/transactions.go:87.2,89.16 3 0
budget-tracker-api-v2/internal/http/controller/transactions.go:89.16,92.17 3 0
budget-tracker-api-v2/internal/http/controller/transactions.go:92.17,94.4 1 0
budget-tracker-api-v2/internal/http/controller/transactions.go:96.3,96.9 1 0
budget-tracker-api-v2/internal/http/controller/transactions.go:98.2,101.16 3 0
budget-tracker-api-v2/internal/http/controller/transactions.go:101.16,106.58 3 0
budget-tracker-api-v2/internal/http/controller/transactions.go:106.58,113.57 3 0
budget-tracker-api-v2/internal/http/controller/transactions.go:113.57,117.5 3 0
budget-tracker-api-v2/internal/http/controller/transactions.go:119.4,120.10 2 0
budget-tracker-api-v2/internal/http/controller/transactions.go:123.3,125.17 3 0
budget-tracker-api-v2/internal/http/controller/transactions.go:125.17,127.4 1 0
budget-tracker-api-v2/internal/http/controller/transactions.go:129.3,129.9 1 0
budget-tracker-api-v2/internal/http/controller/transactions.go:132.2,140.56 3 0
budget-tracker-api-v2/internal/http/controller/transactions.go:140.56,144.3 3 0
budget-tracker-api-v2/internal/http/controller/transactions.go:146.2,146.16 1 0
budget-tracker-api-v2/internal/http/controller/user.go:25.58,31.2 4 0
budget-tracker-api-v2/internal/http/controller/user.go:34.79,41.16 5 0
budget-tracker-api-v2/internal/http/controller/user.go:41.16,47.17 5 0
budget-tracker-api-v2/internal/http/controller/user.go:47.17,49.4 1 0
budget-tracker-api-v2/internal/http/controller/user.go:50.3,50.9 1 0
budget-tracker-api-v2/internal/http/controller/user.go:53.2,54.16 2 0
budget-tracker-api-v2/internal/http/controller/user.go:54.16,60.17 5 0
budget-tracker-api-v2/internal/http/controller/user.go:60.17,62.4 1 0
budget-tracker-api-v2/internal/http/controller/user.go:64.3,64.9 1 0
budget-tracker-api-v2/internal/http/controller/user.go:67.2,68.16 2 0
budget-tracker-api-v2/internal/http/controller/user.go:68.16,69.72 1 0
budget-tracker-api-v2/internal/http/controller/user.go:69.72,72.18 3 0
budget-tracker-api-v2/internal/http/controller/user.go:72.18,74.5 1 0
budget-tracker-api-v2/internal/http/controller/user.go:76.4,76.10 1 0
budget-tracker-api-v2/internal/http/controller/user.go:79.3,81.17 3 0
budget-tracker-api-v2/internal/http/controller/user.go:81.17,83.4 1 0
budget-tracker-api-v2/internal/http/controller/user.go:85.3,85.9 1 0
budget-tracker-api-v2/internal/http/controller/user.go:88.2,90.16 3 0
budget-tracker-api-v2/internal/http/controller/user.go:90.16,92.3 1 0
budget-tracker-api-v2/internal/http/controller/user.go:94.2,94.26 1 0
budget-tracker-api-v2/internal/http/controller/user.go:98.76,107.16 6 0
budget-tracker-api-v2/internal/http/controller/user.go:107.16,113.17 5 0
budget-tracker-api-v2/internal/http/controller/user.go:113.17,115.4 1 0
budget-tracker-api-v2/internal/http/controller/user.go:117.3,117.9 1 0
budget-tracker-api-v2/internal/http/controller/user.go:120.2,121.16 2 0
budget-tracker-api-v2/internal/http/controller/user.go:121.16,122.49 1 0
budget-tracker-api-v2/internal/http/controller/user.go:122.49,127.18 4 0
budget-tracker-api-v2/internal/http/controller/user.go:127.18,129.5 1 0
budget-tracker-api-v2/internal/http/controller/user.go:131.4,131.10 1 0
budget-tracker-api-v2/internal/http/controller/user.go:134.3,139.17 5 0
budget-tracker-api-v2/internal/http/controller/user.go:139.17,141.4 1 0
budget-tracker-api-v2/internal/http/controller/user.go:143.3,143.9 1 0
budget-tracker-api-v2/internal/http/controller/user.go:147.2,150.16 3 0
budget-tracker-api-v2/internal/http/controller/user.go:150.16,152.3 1 0
budget-tracker-api-v2/internal/http/router/routes.go:22.24,29.81 3 1
budget-tracker-api-v2/internal/http/router/routes.go:29.81,31.5 1 1
budget-tracker-api-v2/internal/http/router/routes.go:36.2,69.15 12 1
budget-tracker-api-v2/internal/repository/mongodb/card.go:26.142,37.16 5 1
budget-tracker-api-v2/internal/repository/mongodb/card.go:37.16,41.3 3 0
budget-tracker-api-v2/internal/repository/mongodb/card.go:42.2,42.16 1 1
budget-tracker-api-v2/internal/repository/mongodb/card.go:46.97,50.21 3 1
budget-tracker-api-v2/internal/repository/mongodb/card.go:50.21,52.3 1 1
budget-tracker-api-v2/internal/repository/mongodb/card.go:54.2,60.16 4 1
budget-tracker-api-v2/internal/repository/mongodb/card.go:60.16,61.70 1 1
budget-tracker-api-v2/internal/repository/mongodb/card.go:61.70,63.4 1 1
budget-tracker-api-v2/internal/repository/mongodb/card.go:65.3,65.18 1 0
budget-tracker-api-v2/internal/repository/mongodb/card.go:68.2,68.17 1 1
budget-tracker-api-v2/internal/repository/mongodb/card.go:72.96,78.16 4 0
budget-tracker-api-v2/internal/repository/mongodb/card.go:78.16,79.69 1 0
budget-tracker-api-v2/internal/repository/mongodb/card.go:79.69,81.4 1 0
budget-tracker-api-v2/internal/repository/mongodb/card.go:83.3,83.18 1 0
budget-tracker-api-v2/internal/repository/mongodb/card.go:86.2,86.17 1 0
budget-tracker-api-v2/internal/repository/mongodb/card.go:90.101,96.16 4 0
budget-tracker-api-v2/internal/repository/mongodb/card.go:96.16,97.69 1 0
budget-tracker-api-v2/internal/repository/mongodb/card.go:97.69,99.4 1 0
budget-tracker-api-v2/internal/repository/mongodb/card.go:101.3,101.18 1 0
budget-tracker-api-v2/internal/repository/mongodb/card.go:104.2,104.17 1 0
budget-tracker-api-v2/internal/repository/mongodb/card.go:108.88,115.16 4 0
budget-tracker-api-v2/internal/repository/mongodb/card.go:115.16,117.3 1 0
budget-tracker-api-v2/internal/repository/mongodb/card.go:119.2,119.20 1 0
budget-tracker-api-v2/internal/repository/mongodb/card_collection.go:25.91,31.28 5 0
budget-tracker-api-v2/internal/repository/mongodb/card_collection.go:31.28,36.3 1 0
budget-tracker-api-v2/internal/repository/mongodb/card_collection.go:38.2,39.16 2 0
budget-tracker-api-v2/internal/repository/mongodb/card_collection.go:39.16,41.3 1 0
budget-tracker-api-v2/internal/repository/mongodb/card_collection.go:43.2,43.12 1 0
budget-tracker-api-v2/internal/repository/mongodb/card_collection.go:47.108,52.16 4 0
budget-tracker-api-v2/internal/repository/mongodb/card_collection.go:52.16,56.3 3 0
budget-tracker-api-v2/internal/repository/mongodb/card_collection.go:58.2,58.45 1 0
budget-tracker-api-v2/internal/repository/mongodb/card_collection.go:62.93,70.16 6 0
budget-tracker-api-v2/internal/repository/mongodb/card_collection.go:70.16,72.3 1 0
budget-tracker-api-v2/internal/repository/mongodb/card_collection.go:74.2,77.16 3 0
budget-tracker-api-v2/internal/repository/mongodb/card_collection.go:77.16,79.3 1 0
budget-tracker-api-v2/internal/repository/mongodb/card_collection.go:81.2,81.18 1 0
budget-tracker-api-v2/internal/repository/mongodb/card_collection.go:85.105,93.16 6 0
budget-tracker-api-v2/internal/repository/mongodb/card_collection.go:93.16,95.3 1 0
budget-tracker-api-v2/internal/repository/mongodb/card_collection.go:97.2,97.18 1 0
budget-tracker-api-v2/internal/repository/mongodb/card_collection.go:101.89,106.16 4 0
budget-tracker-api-v2/internal/repository/mongodb/card_collection.go:106.16,108.3 1 0
budget-tracker-api-v2/internal/repository/mongodb/card_collection.go:110.2,113.16 3 0
budget-tracker-api-v2/internal/repository/mongodb/card_collection.go:113.16,115.3 1 0
budget-tracker-api-v2/internal/repository/mongodb/card_collection.go:117.2,117.33 1 0
budget-tracker-api-v2/internal/repository/mongodb/card_collection_mock.go:17.95,19.2 1 1
budget-tracker-api-v2/internal/repository/mongodb/card_collection_mock.go:22.112,23.20 1 1
budget-tracker-api-v2/internal/repository/mongodb/card_collection_mock.go:23.20,25.3 1 1
budget-tracker-api-v2/internal/repository/mongodb/card_collection_mock.go:27.2,27.40 1 1
budget-tracker-api-v2/internal/repository/mongodb/card_collection_mock.go:31.97,39.2 1 0
budget-tracker-api-v2/internal/repository/mongodb/card_collection_mock.go:42.109,47.2 1 0
budget-tracker-api-v2/internal/repository/mongodb/card_collection_mock.go:50.93,52.2 1 0
budget-tracker-api-v2/internal/repository/mongodb/client.go:15.41,25.59 7 1
budget-tracker-api-v2/internal/repository/mongodb/client.go:25.59,27.3 1 1
budget-tracker-api-v2/internal/repository/mongodb/client.go:29.2,38.16 5 0
budget-tracker-api-v2/internal/repository/mongodb/client.go:38.16,40.3 1 0
budget-tracker-api-v2/internal/repository/mongodb/client.go:42.2,43.16 2 0
budget-tracker-api-v2/internal/repository/mongodb/client.go:43.16,45.3 1 0
budget-tracker-api-v2/internal/repository/mongodb/client.go:46.2,46.20 1 0
budget-tracker-api-v2/internal/repository/mongodb/health_collection.go:18.86,27.16 7 0
budget-tracker-api-v2/internal/repository/mongodb/health_collection.go:27.16,29.3 1 0
budget-tracker-api-v2/internal/repository/mongodb/health_collection.go:31.2,31.18 1 0
budget-tracker-api-v2/internal/repository/mongodb/health_collection_mock.go:11.78,13.2 1 0
budget-tracker-api-v2/internal/repository/mongodb/transaction.go:22.163,39.2 4 0
budget-tracker-api-v2/internal/repository/mongodb/transaction.go:42.118,46.21 3 0
budget-tracker-api-v2/internal/repository/mongodb/transaction.go:46.21,48.3 1 0
budget-tracker-api-v2/internal/repository/mongodb/transaction.go:50.2,53.30 3 0
budget-tracker-api-v2/internal/repository/mongodb/transaction.go:53.30,55.3 1 0
budget-tracker-api-v2/internal/repository/mongodb/transaction.go:57.2,60.16 2 0
budget-tracker-api-v2/internal/repository/mongodb/transaction.go:60.16,61.70 1 0
budget-tracker-api-v2/internal/repository/mongodb/transaction.go:61.70,63.4 1 0
budget-tracker-api-v2/internal/repository/mongodb/transaction.go:65.3,65.18 1 0
budget-tracker-api-v2/internal/repository/mongodb/transaction.go:68.2,68.17 1 0
budget-tracker-api-v2/internal/repository/mongodb/transaction.go:72.110,78.16 4 0
budget-tracker-api-v2/internal/repository/mongodb/transaction.go:78.16,79.69 1 0
budget-tracker-api-v2/internal/repository/mongodb/transaction.go:79.69,81.4 1 0
budget-tracker-api-v2/internal/repository/mongodb/transaction.go:83.3,83.18 1 0
budget-tracker-api-v2/internal/repository/mongodb/transaction.go:86.2,86.17 1 0
budget-tracker-api-v2/internal/repository/mongodb/transaction.go:132.95,139.16 4 0
budget-tracker-api-v2/internal/repository/mongodb/transaction.go:139.16,141.3 1 0
budget-tracker-api-v2/internal/repository/mongodb/transaction.go:143.2,143.20 1 0
budget-tracker-api-v2/internal/repository/mongodb/transaction_collection.go:25.98,31.28 5 0
budget-tracker-api-v2/internal/repository/mongodb/transaction_collection.go:31.28,36.3 1 0
budget-tracker-api-v2/internal/repository/mongodb/transaction_collection.go:38.2,39.16 2 0
budget-tracker-api-v2/internal/repository/mongodb/transaction_collection.go:39.16,41.3 1 0
budget-tracker-api-v2/internal/repository/mongodb/transaction_collection.go:43.2,43.12 1 0
budget-tracker-api-v2/internal/repository/mongodb/transaction_collection.go:47.115,52.16 4 0
budget-tracker-api-v2/internal/repository/mongodb/transaction_collection.go:52.16,56.3 3 0
budget-tracker-api-v2/internal/repository/mongodb/transaction_collection.go:58.2,58.45 1 0
budget-tracker-api-v2/internal/repository/mongodb/transaction_collection.go:62.107,70.16 6 0
budget-tracker-api-v2/internal/repository/mongodb/transaction_collection.go:70.16,72.3 1 0
budget-tracker-api-v2/internal/repository/mongodb/transaction_collection.go:74.2,77.16 3 0
budget-tracker-api-v2/internal/repository/mongodb/transaction_collection.go:77.16,79.3 1 0
budget-tracker-api-v2/internal/repository/mongodb/transaction_collection.go:81.2,81.26 1 0
budget-tracker-api-v2/internal/repository/mongodb/transaction_collection.go:85.96,90.16 4 0
budget-tracker-api-v2/internal/repository/mongodb/transaction_collection.go:90.16,92.3 1 0
budget-tracker-api-v2/internal/repository/mongodb/transaction_collection.go:94.2,97.16 3 0
budget-tracker-api-v2/internal/repository/mongodb/transaction_collection.go:97.16,99.3 1 0
budget-tracker-api-v2/internal/repository/mongodb/transaction_collection.go:101.2,101.33 1 0
budget-tracker-api-v2/internal/repository/mongodb/user.go:24.142,34.16 5 1
budget-tracker-api-v2/internal/repository/mongodb/user.go:34.16,36.3 1 0
budget-tracker-api-v2/internal/repository/mongodb/user.go:37.2,37.16 1 1
budget-tracker-api-v2/internal/repository/mongodb/user.go:41.97,43.21 1 1
budget-tracker-api-v2/internal/repository/mongodb/user.go:43.21,45.3 1 1
budget-tracker-api-v2/internal/repository/mongodb/user.go:47.2,51.24 3 1
budget-tracker-api-v2/internal/repository/mongodb/user.go:51.24,53.3 1 1
budget-tracker-api-v2/internal/repository/mongodb/user.go:55.2,56.16 2 1
budget-tracker-api-v2/internal/repository/mongodb/user.go:56.16,58.3 1 0
budget-tracker-api-v2/internal/repository/mongodb/user.go:60.2,65.16 3 1
budget-tracker-api-v2/internal/repository/mongodb/user.go:65.16,66.70 1 1
budget-tracker-api-v2/internal/repository/mongodb/user.go:66.70,68.4 1 1
budget-tracker-api-v2/internal/repository/mongodb/user.go:70.3,70.18 1 0
budget-tracker-api-v2/internal/repository/mongodb/user.go:73.2,73.17 1 1
budget-tracker-api-v2/internal/repository/mongodb/user.go:77.96,80.16 2 0
budget-tracker-api-v2/internal/repository/mongodb/user.go:80.16,81.69 1 0
budget-tracker-api-v2/internal/repository/mongodb/user.go:81.69,83.4 1 0
budget-tracker-api-v2/internal/repository/mongodb/user.go:85.3,85.18 1 0
budget-tracker-api-v2/internal/repository/mongodb/user.go:88.2,88.17 1 0
budget-tracker-api-v2/internal/repository/mongodb/user.go:134.88,138.16 2 0
budget-tracker-api-v2/internal/repository/mongodb/user.go:138.16,140.3 1 0
budget-tracker-api-v2/internal/repository/mongodb/user.go:142.2,142.20 1 0
budget-tracker-api-v2/internal/repository/mongodb/user_collection.go:24.91,30.28 5 0
budget-tracker-api-v2/internal/repository/mongodb/user_collection.go:30.28,35.3 1 0
budget-tracker-api-v2/internal/repository/mongodb/user_collection.go:37.2,38.16 2 0
budget-tracker-api-v2/internal/repository/mongodb/user_collection.go:38.16,40.3 1 0
budget-tracker-api-v2/internal/repository/mongodb/user_collection.go:42.2,42.12 1 0
budget-tracker-api-v2/internal/repository/mongodb/user_collection.go:46.108,52.16 5 0
budget-tracker-api-v2/internal/repository/mongodb/user_collection.go:52.16,54.3 1 0
budget-tracker-api-v2/internal/repository/mongodb/user_collection.go:56.2,56.45 1 0
budget-tracker-api-v2/internal/repository/mongodb/user_collection.go:60.93,68.16 6 0
budget-tracker-api-v2/internal/repository/mongodb/user_collection.go:68.16,70.3 1 0
budget-tracker-api-v2/internal/repository/mongodb/user_collection.go:72.2,75.16 3 0
budget-tracker-api-v2/internal/repository/mongodb/user_collection.go:75.16,77.3 1 0
budget-tracker-api-v2/internal/repository/mongodb/user_collection.go:79.2,79.18 1 0
budget-tracker-api-v2/internal/repository/mongodb/user_collection.go:83.98,92.16 7 0
budget-tracker-api-v2/internal/repository/mongodb/user_collection.go:92.16,94.3 1 0
budget-tracker-api-v2/internal/repository/mongodb/user_collection.go:98.2,98.18 1 0
budget-tracker-api-v2/internal/repository/mongodb/user_collection.go:102.89,108.16 5 0
budget-tracker-api-v2/internal/repository/mongodb/user_collection.go:108.16,110.3 1 0
budget-tracker-api-v2/internal/repository/mongodb/user_collection.go:112.2,115.16 3 0
budget-tracker-api-v2/internal/repository/mongodb/user_collection.go:115.16,117.3 1 0
budget-tracker-api-v2/internal/repository/mongodb/user_collection.go:119.2,119.33 1 0
budget-tracker-api-v2/internal/repository/mongodb/user_collection_mock.go:16.95,18.2 1 1
budget-tracker-api-v2/internal/repository/mongodb/user_collection_mock.go:21.112,22.20 1 1
budget-tracker-api-v2/internal/repository/mongodb/user_collection_mock.go:22.20,24.3 1 1
budget-tracker-api-v2/internal/repository/mongodb/user_collection_mock.go:26.2,26.40 1 1
budget-tracker-api-v2/internal/repository/mongodb/user_collection_mock.go:30.102,32.16 2 0
budget-tracker-api-v2/internal/repository/mongodb/user_collection_mock.go:32.16,34.3 1 0
budget-tracker-api-v2/internal/repository/mongodb/user_collection_mock.go:36.2,43.8 1 0
budget-tracker-api-v2/internal/repository/mongodb/user_collection_mock.go:47.97,49.16 2 0
budget-tracker-api-v2/internal/repository/mongodb/user_collection_mock.go:49.16,51.3 1 0
budget-tracker-api-v2/internal/repository/mongodb/user_collection_mock.go:53.2,61.8 1 0
budget-tracker-api-v2/internal/repository/mongodb/user_collection_mock.go:65.93,67.2 1 0
